<?xml version="1.0" encoding="UTF-8"?>
<!-- Generated by org.testng.reporters.JUnitXMLReporter -->
<testsuite ignored="0" hostname="LAPTOP-T51A3O5O" failures="0" tests="19" name="Test" time="0.112" errors="0" timestamp="2024-06-07T12:47:33 IST">
  <testcase classname="MyPack.Country1" name="den" time="0.011"/>
  <testcase classname="MyPack.Country1" name="fin" time="0.001"/>
  <testcase classname="MyPack.Country1" name="hk" time="0.004"/>
  <testcase classname="MyPack.Country1" name="ire" time="0.001"/>
  <testcase classname="MyPack.Country1" name="ken" time="0.003"/>
  <testcase classname="MyPack.Country1" name="lib" time="0.001"/>
  <testcase classname="MyPack.Country1" name="mal" time="0.002"/>
  <testcase classname="MyPack.Country1" name="net" time="0.001"/>
  <testcase classname="MyPack.Country1" name="nor" time="0.001"/>
  <testcase classname="MyPack.Country1" name="to" time="0.001"/>
  <testcase classname="MyPack.Country2" name="au" time="0.001"/>
  <testcase classname="MyPack.Country2" name="cu" time="0.002"/>
  <testcase classname="MyPack.Country2" name="ge" time="0.001"/>
  <testcase classname="MyPack.Country2" name="ir" time="0.002"/>
  <testcase classname="MyPack.Country2" name="je" time="0.002"/>
  <testcase classname="MyPack.Country2" name="nz" time="0.002"/>
  <testcase classname="MyPack.Country2" name="qa" time="0.002"/>
  <testcase classname="MyPack.Country2" name="sig" time="0.001"/>
  <testcase classname="MyPack.Country2" name="sw" time="0.002"/>
</testsuite> <!-- Test -->
