<?xml version="1.0" encoding="UTF-8"?>
<testng-results ignored="0" total="19" passed="19" failed="0" skipped="0">
  <reporter-output>
  </reporter-output>
  <suite started-at="2024-06-07T12:47:33 IST" name="Suite" finished-at="2024-06-07T12:47:33 IST" duration-ms="112">
    <groups>
    </groups>
    <test started-at="2024-06-07T12:47:33 IST" name="Test" finished-at="2024-06-07T12:47:33 IST" duration-ms="112">
      <class name="MyPack.Country1">
        <test-method signature="den()[pri:0, instance:MyPack.Country1@418e7838]" started-at="2024-06-07T12:47:33 IST" name="den" finished-at="2024-06-07T12:47:33 IST" duration-ms="11" status="PASS">
          <reporter-output>
          </reporter-output>
        </test-method> <!-- den -->
        <test-method signature="fin()[pri:0, instance:MyPack.Country1@418e7838]" started-at="2024-06-07T12:47:33 IST" name="fin" finished-at="2024-06-07T12:47:33 IST" duration-ms="1" status="PASS">
          <reporter-output>
          </reporter-output>
        </test-method> <!-- fin -->
        <test-method signature="hk()[pri:0, instance:MyPack.Country1@418e7838]" started-at="2024-06-07T12:47:33 IST" name="hk" finished-at="2024-06-07T12:47:33 IST" duration-ms="4" status="PASS">
          <reporter-output>
          </reporter-output>
        </test-method> <!-- hk -->
        <test-method signature="ire()[pri:0, instance:MyPack.Country1@418e7838]" started-at="2024-06-07T12:47:33 IST" name="ire" finished-at="2024-06-07T12:47:33 IST" duration-ms="1" status="PASS">
          <reporter-output>
          </reporter-output>
        </test-method> <!-- ire -->
        <test-method signature="ken()[pri:0, instance:MyPack.Country1@418e7838]" started-at="2024-06-07T12:47:33 IST" name="ken" finished-at="2024-06-07T12:47:33 IST" duration-ms="3" status="PASS">
          <reporter-output>
          </reporter-output>
        </test-method> <!-- ken -->
        <test-method signature="lib()[pri:0, instance:MyPack.Country1@418e7838]" started-at="2024-06-07T12:47:33 IST" name="lib" finished-at="2024-06-07T12:47:33 IST" duration-ms="1" status="PASS">
          <reporter-output>
          </reporter-output>
        </test-method> <!-- lib -->
        <test-method signature="mal()[pri:0, instance:MyPack.Country1@418e7838]" started-at="2024-06-07T12:47:33 IST" name="mal" finished-at="2024-06-07T12:47:33 IST" duration-ms="2" status="PASS">
          <reporter-output>
          </reporter-output>
        </test-method> <!-- mal -->
        <test-method signature="net()[pri:0, instance:MyPack.Country1@418e7838]" started-at="2024-06-07T12:47:33 IST" name="net" finished-at="2024-06-07T12:47:33 IST" duration-ms="1" status="PASS">
          <reporter-output>
          </reporter-output>
        </test-method> <!-- net -->
        <test-method signature="nor()[pri:0, instance:MyPack.Country1@418e7838]" started-at="2024-06-07T12:47:33 IST" name="nor" finished-at="2024-06-07T12:47:33 IST" duration-ms="1" status="PASS">
          <reporter-output>
          </reporter-output>
        </test-method> <!-- nor -->
        <test-method signature="to()[pri:0, instance:MyPack.Country1@418e7838]" started-at="2024-06-07T12:47:33 IST" name="to" finished-at="2024-06-07T12:47:33 IST" duration-ms="1" status="PASS">
          <reporter-output>
          </reporter-output>
        </test-method> <!-- to -->
      </class> <!-- MyPack.Country1 -->
      <class name="MyPack.Country2">
        <test-method signature="au()[pri:0, instance:MyPack.Country2@353d0772]" started-at="2024-06-07T12:47:33 IST" name="au" finished-at="2024-06-07T12:47:33 IST" duration-ms="1" status="PASS">
          <reporter-output>
          </reporter-output>
        </test-method> <!-- au -->
        <test-method signature="cu()[pri:0, instance:MyPack.Country2@353d0772]" started-at="2024-06-07T12:47:33 IST" name="cu" finished-at="2024-06-07T12:47:33 IST" duration-ms="2" status="PASS">
          <reporter-output>
          </reporter-output>
        </test-method> <!-- cu -->
        <test-method signature="ge()[pri:0, instance:MyPack.Country2@353d0772]" started-at="2024-06-07T12:47:33 IST" name="ge" finished-at="2024-06-07T12:47:33 IST" duration-ms="1" status="PASS">
          <reporter-output>
          </reporter-output>
        </test-method> <!-- ge -->
        <test-method signature="ir()[pri:0, instance:MyPack.Country2@353d0772]" started-at="2024-06-07T12:47:33 IST" name="ir" finished-at="2024-06-07T12:47:33 IST" duration-ms="2" status="PASS">
          <reporter-output>
          </reporter-output>
        </test-method> <!-- ir -->
        <test-method signature="je()[pri:0, instance:MyPack.Country2@353d0772]" started-at="2024-06-07T12:47:33 IST" name="je" finished-at="2024-06-07T12:47:33 IST" duration-ms="2" status="PASS">
          <reporter-output>
          </reporter-output>
        </test-method> <!-- je -->
        <test-method signature="nz()[pri:0, instance:MyPack.Country2@353d0772]" started-at="2024-06-07T12:47:33 IST" name="nz" finished-at="2024-06-07T12:47:33 IST" duration-ms="2" status="PASS">
          <reporter-output>
          </reporter-output>
        </test-method> <!-- nz -->
        <test-method signature="qa()[pri:0, instance:MyPack.Country2@353d0772]" started-at="2024-06-07T12:47:33 IST" name="qa" finished-at="2024-06-07T12:47:33 IST" duration-ms="2" status="PASS">
          <reporter-output>
          </reporter-output>
        </test-method> <!-- qa -->
        <test-method signature="sig()[pri:0, instance:MyPack.Country2@353d0772]" started-at="2024-06-07T12:47:33 IST" name="sig" finished-at="2024-06-07T12:47:33 IST" duration-ms="1" status="PASS">
          <reporter-output>
          </reporter-output>
        </test-method> <!-- sig -->
        <test-method signature="sw()[pri:0, instance:MyPack.Country2@353d0772]" started-at="2024-06-07T12:47:33 IST" name="sw" finished-at="2024-06-07T12:47:33 IST" duration-ms="2" status="PASS">
          <reporter-output>
          </reporter-output>
        </test-method> <!-- sw -->
      </class> <!-- MyPack.Country2 -->
    </test> <!-- Test -->
  </suite> <!-- Suite -->
</testng-results>
